0 info it worked if it ends with ok
1 verbose cli [ 'C:\\Program Files\\nodejs\\node.exe',
1 verbose cli   'C:\\Program Files\\nodejs\\node_modules\\npm\\bin\\npm-cli.js',
1 verbose cli   'i',
1 verbose cli   'simple-peer',
1 verbose cli   '--no-cache' ]
2 info using npm@6.9.0
3 info using node@v10.16.3
4 verbose npm-session 58cedd3431a14d74
5 silly install loadCurrentTree
6 silly install readLocalPackageData
7 http fetch GET 200 https://registry.npmjs.org/simple-peer 956ms
8 http fetch GET 200 https://registry.npmjs.org/simple-peer/-/simple-peer-9.7.2.tgz 253ms
9 silly pacote tag manifest for simple-peer@latest fetched in 1237ms
10 timing stage:loadCurrentTree Completed in 5799ms
11 silly install loadIdealTree
12 silly install cloneCurrentTreeToIdealTree
13 timing stage:loadIdealTree:cloneCurrentTree Completed in 30ms
14 silly install loadShrinkwrap
15 timing stage:rollbackFailedOptional Completed in 1ms
16 timing stage:runTopLevelLifecycles Completed in 5930ms
17 silly saveTree web@0.1.0
18 verbose stack TypeError: Cannot read property 'match' of undefined
18 verbose stack     at tarballToVersion (C:\Program Files\nodejs\node_modules\npm\lib\install\inflate-shrinkwrap.js:87:20)
18 verbose stack     at inflatableChild (C:\Program Files\nodejs\node_modules\npm\lib\install\inflate-shrinkwrap.js:99:22)
18 verbose stack     at BB.each (C:\Program Files\nodejs\node_modules\npm\lib\install\inflate-shrinkwrap.js:55:12)
18 verbose stack     at tryCatcher (C:\Program Files\nodejs\node_modules\npm\node_modules\bluebird\js\release\util.js:16:23)
18 verbose stack     at Object.gotValue (C:\Program Files\nodejs\node_modules\npm\node_modules\bluebird\js\release\reduce.js:155:18)
18 verbose stack     at Object.gotAccum (C:\Program Files\nodejs\node_modules\npm\node_modules\bluebird\js\release\reduce.js:144:25)
18 verbose stack     at Object.tryCatcher (C:\Program Files\nodejs\node_modules\npm\node_modules\bluebird\js\release\util.js:16:23)
18 verbose stack     at Promise._settlePromiseFromHandler (C:\Program Files\nodejs\node_modules\npm\node_modules\bluebird\js\release\promise.js:512:31)
18 verbose stack     at Promise._settlePromise (C:\Program Files\nodejs\node_modules\npm\node_modules\bluebird\js\release\promise.js:569:18)
18 verbose stack     at Promise._settlePromiseCtx (C:\Program Files\nodejs\node_modules\npm\node_modules\bluebird\js\release\promise.js:606:10)
18 verbose stack     at _drainQueueStep (C:\Program Files\nodejs\node_modules\npm\node_modules\bluebird\js\release\async.js:142:12)
18 verbose stack     at _drainQueue (C:\Program Files\nodejs\node_modules\npm\node_modules\bluebird\js\release\async.js:131:9)
18 verbose stack     at Async._drainQueues (C:\Program Files\nodejs\node_modules\npm\node_modules\bluebird\js\release\async.js:147:5)
18 verbose stack     at Immediate.Async.drainQueues [as _onImmediate] (C:\Program Files\nodejs\node_modules\npm\node_modules\bluebird\js\release\async.js:17:14)
18 verbose stack     at runCallback (timers.js:705:18)
18 verbose stack     at tryOnImmediate (timers.js:676:5)
19 verbose cwd C:\dev\chatApp\web
20 verbose Windows_NT 10.0.18362
21 verbose argv "C:\\Program Files\\nodejs\\node.exe" "C:\\Program Files\\nodejs\\node_modules\\npm\\bin\\npm-cli.js" "i" "simple-peer" "--no-cache"
22 verbose node v10.16.3
23 verbose npm  v6.9.0
24 error Cannot read property 'match' of undefined
25 verbose exit [ 1, true ]
